<?xml version="1.0" encoding="UTF-8"?>
<!-- Generated by org.testng.reporters.JUnitXMLReporter -->
<testsuite ignored="2" hostname="DESKTOP-U7NCNIN" failures="0" tests="4" name="Surefire test" time="0.075" errors="0" timestamp="2022-07-25T13:20:15 EET">
  <testcase classname="Tests.TestBase" name="@BeforeSuite StartDriver" time="0.027">
    <failure type="java.lang.NullPointerException" message="Cannot invoke &amp;quot;String.equalsIgnoreCase(String)&amp;quot; because &amp;quot;BrowserName&amp;quot; is null">
      <![CDATA[java.lang.NullPointerException: Cannot invoke "String.equalsIgnoreCase(String)" because "BrowserName" is null
at Tests.TestBase.StartDriver(TestBase.java:31)
... Removed 24 stack frames]]>
    </failure>
  </testcase> <!-- @BeforeSuite StartDriver -->
  <testcase classname="Tests.TestBase" name="@AfterMethod ScreenShot" time="0.0">
    <skipped/>
  </testcase> <!-- @AfterMethod ScreenShot -->
  <testcase classname="Tests.TestBase" name="@AfterMethod ScreenShot" time="0.0">
    <skipped/>
  </testcase> <!-- @AfterMethod ScreenShot -->
  <testcase classname="Tests.TestBase" name="@AfterMethod ScreenShot" time="0.0">
    <skipped/>
  </testcase> <!-- @AfterMethod ScreenShot -->
  <testcase classname="Tests.TestBase" name="@AfterMethod ScreenShot" time="0.0">
    <skipped/>
  </testcase> <!-- @AfterMethod ScreenShot -->
  <testcase classname="Tests.LoginTest" name="openLoginPage" time="0.0">
    <skipped/>
  </testcase> <!-- openLoginPage -->
  <testcase classname="Tests.LoginTest" name="checkLoginMessage" time="0.001">
    <skipped/>
  </testcase> <!-- checkLoginMessage -->
  <testcase classname="Tests.RegTest" name="Result" time="0.001">
    <skipped/>
  </testcase> <!-- Result -->
  <testcase classname="Tests.RegTest" name="UserRegTest" time="0.0">
    <skipped/>
  </testcase> <!-- UserRegTest -->
  <testcase classname="Tests.TestBase" name="@BeforeSuite StartDriver" time="0.0">
    <ignored/>
  </testcase> <!-- @BeforeSuite StartDriver -->
  <testcase classname="Tests.TestBase" name="@BeforeSuite StartDriver" time="0.0">
    <ignored/>
  </testcase> <!-- @BeforeSuite StartDriver -->
</testsuite> <!-- Surefire test -->
